<?xml version="1.0" encoding="UTF-8"?>
<!-- Generated by org.testng.reporters.JUnitReportReporter -->
<testsuite skipped="0" hostname="DESKTOP-AEK7MEL" name="Examples.NavigationTest" tests="1" failures="0" timestamp="03 Oct 2023 16:52:14 GMT" time="5.497" errors="0">
  <testcase name="navigateToAUrl" time="5.497" classname="Examples.NavigationTest"/>
</testsuite> <!-- Examples.NavigationTest -->
