<?xml version="1.0" encoding="UTF-8"?>
<!-- Generated by org.testng.reporters.JUnitReportReporter -->
<testsuite hostname="sangureddy" failures="0" tests="1" name="Examples.NavigationTest" time="13.678" errors="0" timestamp="05 Oct 2023 05:51:57 GMT" skipped="0">
  <testcase classname="Examples.NavigationTest" name="navigateToAUrl" time="13.678"/>
</testsuite> <!-- Examples.NavigationTest -->
